{
  "RSpec": {
    "coverage": {
      "/Users/bensheridanedwards/Documents/2019/Makers/Main-Course/Week-1/Weekend Challenge/Makers-Airport-Challenge/spec/plane_spec.rb": [
        1,
        1,
        1,
        null,
        1,
        null,
        7,
        4,
        null,
        1,
        1,
        1,
        null,
        null,
        1,
        1,
        null,
        null,
        1,
        1,
        1,
        1,
        null,
        null,
        1,
        1,
        1,
        1,
        1,
        null,
        null,
        1,
        null,
        1,
        1,
        1,
        null,
        null,
        null,
        null,
        1,
        null,
        1,
        1,
        1,
        null,
        null,
        null,
        null
      ],
      "/Users/bensheridanedwards/Documents/2019/Makers/Main-Course/Week-1/Weekend Challenge/Makers-Airport-Challenge/spec/weather_spec.rb": [
        1,
        1,
        null,
        1,
        null,
        2,
        null,
        1,
        null,
        1,
        1,
        null,
        null,
        null,
        null
      ]
    },
    "timestamp": 1575317627
  }
}
